2020-05-05 13:48:07,968 [ 282945]  ERROR - intellij.openapi.progress.Task - Duplicate key buildSrc (attempted merging values com.google.cloud.tools.intellij.appengine.java.gradle.AppEngineGradleModule@4cd3634e and com.google.cloud.tools.intellij.appengine.java.gradle.AppEngineGradleModule@f8667c8) 
java.lang.IllegalStateException: Duplicate key buildSrc (attempted merging values com.google.cloud.tools.intellij.appengine.java.gradle.AppEngineGradleModule@4cd3634e and com.google.cloud.tools.intellij.appengine.java.gradle.AppEngineGradleModule@f8667c8)
	at java.base/java.util.stream.Collectors.duplicateKeyException(Collectors.java:133)
	at java.base/java.util.stream.Collectors.lambda$uniqKeysMapAccumulator$1(Collectors.java:180)
	at java.base/java.util.stream.ReduceOps$3ReducingSink.accept(ReduceOps.java:169)
	at java.base/java.util.stream.ReferencePipeline$3$1.accept(ReferencePipeline.java:195)
	at java.base/java.util.AbstractList$RandomAccessSpliterator.forEachRemaining(AbstractList.java:720)
	at java.base/java.util.stream.AbstractPipeline.copyInto(AbstractPipeline.java:484)
	at java.base/java.util.stream.AbstractPipeline.wrapAndCopyInto(AbstractPipeline.java:474)
	at java.base/java.util.stream.ReduceOps$ReduceOp.evaluateSequential(ReduceOps.java:913)
	at java.base/java.util.stream.AbstractPipeline.evaluate(AbstractPipeline.java:234)
	at java.base/java.util.stream.ReferencePipeline.collect(ReferencePipeline.java:578)
	at com.google.cloud.tools.intellij.appengine.java.gradle.AppEngineGradleProjectDataService.collectByModuleName(AppEngineGradleProjectDataService.java:86)
	at com.google.cloud.tools.intellij.appengine.java.gradle.AppEngineGradleProjectDataService.importData(AppEngineGradleProjectDataService.java:59)
	at com.intellij.openapi.externalSystem.service.project.manage.ProjectDataManagerImpl.doImportData(ProjectDataManagerImpl.java:287)
	at com.intellij.openapi.externalSystem.service.project.manage.ProjectDataManagerImpl.importData(ProjectDataManagerImpl.java:155)
	at com.intellij.openapi.externalSystem.service.project.manage.ProjectDataManagerImpl.importData(ProjectDataManagerImpl.java:241)
	at com.intellij.openapi.externalSystem.service.project.manage.ProjectDataManagerImpl.importData(ProjectDataManagerImpl.java:248)
	at com.intellij.openapi.externalSystem.importing.ImportSpecBuilder$DefaultProjectRefreshCallback.onSuccess(ImportSpecBuilder.java:164)
	at com.intellij.openapi.externalSystem.service.project.ExternalProjectRefreshCallback.onSuccess(ExternalProjectRefreshCallback.java:40)
	at com.intellij.openapi.externalSystem.util.ExternalSystemUtil$2.handExecutionResult(ExternalSystemUtil.java:543)
	at com.intellij.openapi.externalSystem.util.ExternalSystemUtil$2.executeImpl(ExternalSystemUtil.java:523)
	at com.intellij.openapi.externalSystem.util.ExternalSystemUtil$2.lambda$execute$1(ExternalSystemUtil.java:372)
	at com.intellij.openapi.project.DumbServiceImpl.suspendIndexingAndRun(DumbServiceImpl.java:171)
	at com.intellij.openapi.externalSystem.util.ExternalSystemUtil$2.execute(ExternalSystemUtil.java:372)
	at com.intellij.openapi.externalSystem.util.ExternalSystemUtil$4.run(ExternalSystemUtil.java:627)
	at com.intellij.openapi.progress.impl.CoreProgressManager$TaskRunnable.run(CoreProgressManager.java:932)
	at com.intellij.openapi.progress.impl.CoreProgressManager.lambda$runProcessWithProgressAsync$5(CoreProgressManager.java:434)
	at com.intellij.openapi.progress.impl.ProgressRunner.lambda$null$3(ProgressRunner.java:233)
	at com.intellij.openapi.progress.impl.CoreProgressManager.lambda$runProcess$2(CoreProgressManager.java:166)
	at com.intellij.openapi.progress.impl.CoreProgressManager.registerIndicatorAndRun(CoreProgressManager.java:627)
	at com.intellij.openapi.progress.impl.CoreProgressManager.executeProcessUnderProgress(CoreProgressManager.java:572)
	at com.intellij.openapi.progress.impl.ProgressManagerImpl.executeProcessUnderProgress(ProgressManagerImpl.java:61)
	at com.intellij.openapi.progress.impl.CoreProgressManager.runProcess(CoreProgressManager.java:153)
	at com.intellij.openapi.progress.impl.ProgressRunner.lambda$submit$4(ProgressRunner.java:233)
	at java.base/java.util.concurrent.CompletableFuture$AsyncSupply.run(CompletableFuture.java:1700)
	at java.base/java.util.concurrent.ThreadPoolExecutor.runWorker(ThreadPoolExecutor.java:1128)
	at java.base/java.util.concurrent.ThreadPoolExecutor$Worker.run(ThreadPoolExecutor.java:628)
	at java.base/java.lang.Thread.run(Thread.java:834)
2020-05-05 13:48:07,977 [ 282954]  ERROR - intellij.openapi.progress.Task - IntelliJ IDEA 2020.1.1  Build #IU-201.7223.91 
2020-05-05 13:48:07,977 [ 282954]  ERROR - intellij.openapi.progress.Task - JDK: 11.0.6; VM: OpenJDK 64-Bit Server VM; Vendor: JetBrains s.r.o 
2020-05-05 13:48:07,977 [ 282954]  ERROR - intellij.openapi.progress.Task - OS: Linux 
2020-05-05 13:48:07,977 [ 282954]  ERROR - intellij.openapi.progress.Task - Plugin to blame: Cloud Code version: 20.4.3 
2020-05-05 13:48:07,977 [ 282954]  ERROR - intellij.openapi.progress.Task - Last Action:
